Copyright 1986-2016 Xilinx, Inc. All Rights Reserved.
------------------------------------------------------------------------------------------
| Tool Version : Vivado v.2016.4 (lin64) Build 1756540 Mon Jan 23 19:11:19 MST 2017
| Date         : Mon May 28 21:40:07 2018
| Host         : mmrl01.ee.nus.edu.sg running 64-bit CentOS Linux release 7.4.1708 (Core)
| Command      : upgrade_ip
| Device       : xc7z020clg484-1
------------------------------------------------------------------------------------------

Upgrade Log for IP 'design_1_kd_tree_0_0'

1. Summary
----------

CAUTION (success, with warnings) in the upgrade of design_1_kd_tree_0_0 (user.org:user:kd_tree:1.0) from (Rev. 9) to (Rev. 10)

After upgrade, an IP may have parameter and port differences compared to the original customization. Please review the parameters within the IP customization GUI to ensure proper functionality. Also, please review the updated IP instantiation template to ensure proper connectivity, and update your design if required.

2. Connection Warnings
----------------------

Detected external port differences while upgrading 'design_1_kd_tree_0_0'. These changes may impact your design.


-Upgraded port 'address_out' width 12 differs from original width 8







Copyright 1986-2016 Xilinx, Inc. All Rights Reserved.
------------------------------------------------------------------------------------------
| Tool Version : Vivado v.2016.4 (lin64) Build 1756540 Mon Jan 23 19:11:19 MST 2017
| Date         : Mon May 28 21:37:22 2018
| Host         : mmrl01.ee.nus.edu.sg running 64-bit CentOS Linux release 7.4.1708 (Core)
| Command      : upgrade_ip
| Device       : xc7z020clg484-1
------------------------------------------------------------------------------------------

Upgrade Log for IP 'design_1_kd_tree_0_0'

1. Summary
----------

SUCCESS in the upgrade of design_1_kd_tree_0_0 (user.org:user:kd_tree:1.0) from (Rev. 8) to (Rev. 9)






Copyright 1986-2016 Xilinx, Inc. All Rights Reserved.
------------------------------------------------------------------------------------------
| Tool Version : Vivado v.2016.4 (lin64) Build 1756540 Mon Jan 23 19:11:19 MST 2017
| Date         : Mon May 28 21:10:22 2018
| Host         : mmrl01.ee.nus.edu.sg running 64-bit CentOS Linux release 7.4.1708 (Core)
| Command      : upgrade_ip
| Device       : xc7z020clg484-1
------------------------------------------------------------------------------------------

Upgrade Log for IP 'design_1_kd_tree_0_0'

1. Summary
----------

SUCCESS in the upgrade of design_1_kd_tree_0_0 (user.org:user:kd_tree:1.0) from (Rev. 6) to (Rev. 8)






Copyright 1986-2016 Xilinx, Inc. All Rights Reserved.
------------------------------------------------------------------------------------------
| Tool Version : Vivado v.2016.4 (lin64) Build 1756540 Mon Jan 23 19:11:19 MST 2017
| Date         : Thu May 17 23:51:54 2018
| Host         : mmrl01.ee.nus.edu.sg running 64-bit CentOS Linux release 7.4.1708 (Core)
| Command      : upgrade_ip
| Device       : xc7z020clg484-1
------------------------------------------------------------------------------------------

Upgrade Log for IP 'design_1_kd_tree_0_0'

1. Summary
----------

SUCCESS in the upgrade of design_1_kd_tree_0_0 (user.org:user:kd_tree:1.0) from (Rev. 5) to (Rev. 6)






Copyright 1986-2016 Xilinx, Inc. All Rights Reserved.
------------------------------------------------------------------------------------------
| Tool Version : Vivado v.2016.4 (lin64) Build 1756540 Mon Jan 23 19:11:19 MST 2017
| Date         : Thu May 17 23:39:23 2018
| Host         : mmrl01.ee.nus.edu.sg running 64-bit CentOS Linux release 7.4.1708 (Core)
| Command      : upgrade_ip
| Device       : xc7z020clg484-1
------------------------------------------------------------------------------------------

Upgrade Log for IP 'design_1_kd_tree_0_0'

1. Summary
----------

SUCCESS in the upgrade of design_1_kd_tree_0_0 (user.org:user:kd_tree:1.0) from (Rev. 4) to (Rev. 5)






Copyright 1986-2016 Xilinx, Inc. All Rights Reserved.
------------------------------------------------------------------------------------------
| Tool Version : Vivado v.2016.4 (lin64) Build 1756540 Mon Jan 23 19:11:19 MST 2017
| Date         : Thu May 17 23:34:08 2018
| Host         : mmrl01.ee.nus.edu.sg running 64-bit CentOS Linux release 7.4.1708 (Core)
| Command      : upgrade_ip
| Device       : xc7z020clg484-1
------------------------------------------------------------------------------------------

Upgrade Log for IP 'design_1_kd_tree_0_0'

1. Summary
----------

SUCCESS in the update of design_1_kd_tree_0_0 (user.org:user:kd_tree:1.0 (Rev. 4)) to current project options.






Copyright 1986-2016 Xilinx, Inc. All Rights Reserved.
------------------------------------------------------------------------------------------
| Tool Version : Vivado v.2016.4 (lin64) Build 1756540 Mon Jan 23 19:11:19 MST 2017
| Date         : Tue May 15 16:36:03 2018
| Host         : mmrl01.ee.nus.edu.sg running 64-bit CentOS Linux release 7.4.1708 (Core)
| Command      : upgrade_ip
| Device       : xc7z020clg484-1
------------------------------------------------------------------------------------------

Upgrade Log for IP 'design_1_kd_tree_0_0'

1. Summary
----------

SUCCESS in the upgrade of design_1_kd_tree_0_0 (user.org:user:kd_tree:1.0) from (Rev. 3) to (Rev. 4)






Copyright 1986-2016 Xilinx, Inc. All Rights Reserved.
------------------------------------------------------------------------------------------
| Tool Version : Vivado v.2016.4 (lin64) Build 1756540 Mon Jan 23 19:11:19 MST 2017
| Date         : Tue May 15 15:52:41 2018
| Host         : mmrl01.ee.nus.edu.sg running 64-bit CentOS Linux release 7.4.1708 (Core)
| Command      : upgrade_ip
| Device       : xc7z020clg484-1
------------------------------------------------------------------------------------------

Upgrade Log for IP 'design_1_kd_tree_0_0'

1. Summary
----------

SUCCESS in the upgrade of design_1_kd_tree_0_0 (user.org:user:kd_tree:1.0) from (Rev. 2) to (Rev. 3)






Copyright 1986-2016 Xilinx, Inc. All Rights Reserved.
------------------------------------------------------------------------------------------
| Tool Version : Vivado v.2016.4 (lin64) Build 1756540 Mon Jan 23 19:11:19 MST 2017
| Date         : Tue May 15 15:41:49 2018
| Host         : mmrl01.ee.nus.edu.sg running 64-bit CentOS Linux release 7.4.1708 (Core)
| Command      : upgrade_ip
| Device       : xc7z020clg484-1
------------------------------------------------------------------------------------------

Upgrade Log for IP 'design_1_kd_tree_0_0'

1. Summary
----------

SUCCESS in the update of design_1_kd_tree_0_0 (user.org:user:kd_tree:1.0 (Rev. 2)) to current project options.

