Vivado Simulator 2016.4
Copyright 1986-1999, 2001-2016 Xilinx, Inc. All Rights Reserved.
Running: /home/tools/Xilinx/Vivado/2016.4/bin/unwrapped/lnx64.o/xelab -wto 4ac12effd0654c438b3260783bece375 --debug typical --relax --mt 8 -L xil_defaultlib -L secureip --snapshot design_1_wrapper_sim_func_synth xil_defaultlib.design_1_wrapper_sim -log elaborate.log 
Using 8 slave threads.
Starting static elaboration
Completed static elaboration
Starting simulation data flow analysis
Completed simulation data flow analysis
Time Resolution for simulation is 1ps
Compiling package std.standard
Compiling package std.textio
Compiling package ieee.std_logic_1164
Compiling package unisim.vcomponents
Compiling package ieee.vital_timing
Compiling package ieee.vital_primitives
Compiling package unisim.vpkg
Compiling package ieee.numeric_std
Compiling package ieee.std_logic_arith
Compiling package ieee.std_logic_signed
Compiling package ieee.std_logic_textio
Compiling architecture obuf_v of entity unisim.OBUF [\OBUF(1,9,1,7,1,4)\]
Compiling architecture ibuf_v of entity unisim.IBUF [\IBUF(1,9,1,1,1,4,1,7)\]
Compiling architecture gnd_v of entity unisim.GND [gnd_default]
Compiling architecture lut3_v of entity unisim.LUT3 [\LUT3(init="00000010")(0,7)\]
Compiling architecture lut3_v of entity unisim.LUT3 [\LUT3(init="01000000")(0,7)\]
Compiling architecture structure of entity xil_defaultlib.design_1_blk_mem_gen_0_0_bindec [design_1_blk_mem_gen_0_0_bindec_...]
Compiling architecture lut6_v of entity unisim.LUT6 [\LUT6(init="10101010110011001010...]
Compiling architecture fdre_v of entity unisim.FDRE [fdre_default]
Compiling architecture structure of entity xil_defaultlib.design_1_blk_mem_gen_0_0_blk_mem_gen_mux [design_1_blk_mem_gen_0_0_blk_mem...]
Compiling architecture rb18_internal_vhdl_v of entity unisim.RB18_INTERNAL_VHDL [\RB18_INTERNAL_VHDL(bram_size=18...]
Compiling architecture ramb18e1_v of entity unisim.RAMB18E1 [\RAMB18E1(doa_reg=1,init_00="111...]
Compiling architecture structure of entity xil_defaultlib.design_1_blk_mem_gen_0_0_blk_mem_gen_prim_wrapper_init [design_1_blk_mem_gen_0_0_blk_mem...]
Compiling architecture structure of entity xil_defaultlib.design_1_blk_mem_gen_0_0_blk_mem_gen_prim_width [design_1_blk_mem_gen_0_0_blk_mem...]
Compiling architecture rb36_internal_vhdl_v of entity unisim.RB36_INTERNAL_VHDL [\RB36_INTERNAL_VHDL(doa_reg=1,in...]
Compiling architecture ramb36e1_v of entity unisim.RAMB36E1 [\RAMB36E1(doa_reg=1,init_00="010...]
Compiling architecture structure of entity xil_defaultlib.\design_1_blk_mem_gen_0_0_blk_mem_gen_prim_wrapper_init__parameterized0\ [\design_1_blk_mem_gen_0_0_blk_me...]
Compiling architecture structure of entity xil_defaultlib.\design_1_blk_mem_gen_0_0_blk_mem_gen_prim_width__parameterized0\ [\design_1_blk_mem_gen_0_0_blk_me...]
Compiling architecture rb36_internal_vhdl_v of entity unisim.RB36_INTERNAL_VHDL [\RB36_INTERNAL_VHDL(doa_reg=1,in...]
Compiling architecture ramb36e1_v of entity unisim.RAMB36E1 [\RAMB36E1(doa_reg=1,init_00="001...]
Compiling architecture structure of entity xil_defaultlib.\design_1_blk_mem_gen_0_0_blk_mem_gen_prim_wrapper_init__parameterized1\ [\design_1_blk_mem_gen_0_0_blk_me...]
Compiling architecture structure of entity xil_defaultlib.\design_1_blk_mem_gen_0_0_blk_mem_gen_prim_width__parameterized1\ [\design_1_blk_mem_gen_0_0_blk_me...]
Compiling architecture structure of entity xil_defaultlib.\design_1_blk_mem_gen_0_0_blk_mem_gen_prim_wrapper_init__parameterized2\ [\design_1_blk_mem_gen_0_0_blk_me...]
Compiling architecture structure of entity xil_defaultlib.\design_1_blk_mem_gen_0_0_blk_mem_gen_prim_width__parameterized2\ [\design_1_blk_mem_gen_0_0_blk_me...]
Compiling architecture structure of entity xil_defaultlib.\design_1_blk_mem_gen_0_0_blk_mem_gen_prim_wrapper_init__parameterized3\ [\design_1_blk_mem_gen_0_0_blk_me...]
Compiling architecture structure of entity xil_defaultlib.\design_1_blk_mem_gen_0_0_blk_mem_gen_prim_width__parameterized3\ [\design_1_blk_mem_gen_0_0_blk_me...]
Compiling architecture rb36_internal_vhdl_v of entity unisim.RB36_INTERNAL_VHDL [\RB36_INTERNAL_VHDL(doa_reg=1,in...]
Compiling architecture ramb36e1_v of entity unisim.RAMB36E1 [\RAMB36E1(doa_reg=1,init_00="001...]
Compiling architecture lut3_v of entity unisim.LUT3 [\LUT3(init="10000000")(0,7)\]
Compiling architecture structure of entity xil_defaultlib.\design_1_blk_mem_gen_0_0_blk_mem_gen_prim_wrapper_init__parameterized4\ [\design_1_blk_mem_gen_0_0_blk_me...]
Compiling architecture structure of entity xil_defaultlib.\design_1_blk_mem_gen_0_0_blk_mem_gen_prim_width__parameterized4\ [\design_1_blk_mem_gen_0_0_blk_me...]
Compiling architecture structure of entity xil_defaultlib.design_1_blk_mem_gen_0_0_blk_mem_gen_generic_cstr [design_1_blk_mem_gen_0_0_blk_mem...]
Compiling architecture structure of entity xil_defaultlib.design_1_blk_mem_gen_0_0_blk_mem_gen_top [design_1_blk_mem_gen_0_0_blk_mem...]
Compiling architecture structure of entity xil_defaultlib.design_1_blk_mem_gen_0_0_blk_mem_gen_v8_3_5_synth [design_1_blk_mem_gen_0_0_blk_mem...]
Compiling architecture structure of entity xil_defaultlib.design_1_blk_mem_gen_0_0_blk_mem_gen_v8_3_5 [design_1_blk_mem_gen_0_0_blk_mem...]
Compiling architecture structure of entity xil_defaultlib.design_1_blk_mem_gen_0_0 [design_1_blk_mem_gen_0_0_default]
Compiling architecture lut2_v of entity unisim.LUT2 [\LUT2(init="1001")(0,3)\]
Compiling architecture lut6_v of entity unisim.LUT6 [\LUT6(init="00010111011101110111...]
Compiling architecture lut4_v of entity unisim.LUT4 [\LUT4(init="0111001001100000")(0...]
Compiling architecture lut3_v of entity unisim.LUT3 [\LUT3(init="01111000")(0,7)\]
Compiling architecture lut4_v of entity unisim.LUT4 [\LUT4(init="0111111110000000")(0...]
Compiling architecture lut5_v of entity unisim.LUT5 [\LUT5(init="01111111111111111000...]
Compiling architecture lut6_v of entity unisim.LUT6 [\LUT6(init="10111111000101011011...]
Compiling architecture lut4_v of entity unisim.LUT4 [\LUT4(init="1110000100011110")(0...]
Compiling architecture lut6_v of entity unisim.LUT6 [\LUT6(init="00000001001101111111...]
Compiling architecture lut6_v of entity unisim.LUT6 [\LUT6(init="00110010000100001111...]
Compiling architecture lut6_v of entity unisim.LUT6 [\LUT6(init="11101110111000100010...]
Compiling architecture lut4_v of entity unisim.LUT4 [\LUT4(init="1110001000000000")(0...]
Compiling architecture lut4_v of entity unisim.LUT4 [\LUT4(init="1110001011111111")(0...]
Compiling architecture lut3_v of entity unisim.LUT3 [\LUT3(init="00000100")(0,7)\]
Compiling architecture lut4_v of entity unisim.LUT4 [\LUT4(init="0111010100010000")(0...]
Compiling architecture lut2_v of entity unisim.LUT2 [\LUT2(init="0001")(0,3)\]
Compiling architecture lut3_v of entity unisim.LUT3 [\LUT3(init="00001001")(0,7)\]
Compiling architecture lut4_v of entity unisim.LUT4 [\LUT4(init="1000001001000001")(0...]
Compiling architecture lut2_v of entity unisim.LUT2 [\LUT2(init="1110")(0,3)\]
Compiling architecture lut6_v of entity unisim.LUT6 [\LUT6(init="00000000000000000000...]
Compiling architecture lut4_v of entity unisim.LUT4 [\LUT4(init="0000000000000001")(0...]
Compiling architecture carry4_v of entity unisim.CARRY4 [carry4_default]
Compiling architecture lut6_v of entity unisim.LUT6 [\LUT6(init="00001111000000000100...]
Compiling architecture lut6_v of entity unisim.LUT6 [\LUT6(init="00000000000000110100...]
Compiling architecture lut6_v of entity unisim.LUT6 [\LUT6(init="10001010011001001100...]
Compiling architecture lut6_v of entity unisim.LUT6 [\LUT6(init="00110000000010101000...]
Compiling architecture lut6_v of entity unisim.LUT6 [\LUT6(init="00000001001000111010...]
Compiling architecture lut6_v of entity unisim.LUT6 [\LUT6(init="10011001010001100000...]
Compiling architecture lut4_v of entity unisim.LUT4 [\LUT4(init="0000010000000000")(0...]
Compiling architecture lut6_v of entity unisim.LUT6 [\LUT6(init="00000000010000000000...]
Compiling architecture lut6_v of entity unisim.LUT6 [\LUT6(init="00010010000100000000...]
Compiling architecture lut6_v of entity unisim.LUT6 [\LUT6(init="00000000010011000011...]
Compiling architecture lut6_v of entity unisim.LUT6 [\LUT6(init="01001001001001101000...]
Compiling architecture lut6_v of entity unisim.LUT6 [\LUT6(init="00100001000100000001...]
Compiling architecture lut6_v of entity unisim.LUT6 [\LUT6(init="01000010000001010000...]
Compiling architecture lut6_v of entity unisim.LUT6 [\LUT6(init="00010001000001000000...]
Compiling architecture lut6_v of entity unisim.LUT6 [\LUT6(init="00010010100001000010...]
Compiling architecture lut6_v of entity unisim.LUT6 [\LUT6(init="01001000011000010010...]
Compiling architecture lut6_v of entity unisim.LUT6 [\LUT6(init="00000101100100010111...]
Compiling architecture lut6_v of entity unisim.LUT6 [\LUT6(init="00000010000000010010...]
Compiling architecture lut6_v of entity unisim.LUT6 [\LUT6(init="01010100000000000000...]
Compiling architecture lut6_v of entity unisim.LUT6 [\LUT6(init="01000010001011100001...]
Compiling architecture lut6_v of entity unisim.LUT6 [\LUT6(init="00000001010000011000...]
Compiling architecture lut6_v of entity unisim.LUT6 [\LUT6(init="00000001010100001001...]
Compiling architecture lut6_v of entity unisim.LUT6 [\LUT6(init="01100100000010011000...]
Compiling architecture lut6_v of entity unisim.LUT6 [\LUT6(init="00010000011000100000...]
Compiling architecture lut6_v of entity unisim.LUT6 [\LUT6(init="01000000000001000001...]
Compiling architecture lut6_v of entity unisim.LUT6 [\LUT6(init="00001100110110000000...]
Compiling architecture lut6_v of entity unisim.LUT6 [\LUT6(init="00100000010010010011...]
Compiling architecture lut6_v of entity unisim.LUT6 [\LUT6(init="00100000110000010001...]
Compiling architecture lut6_v of entity unisim.LUT6 [\LUT6(init="00000000000100000000...]
Compiling architecture lut6_v of entity unisim.LUT6 [\LUT6(init="00000010000011000011...]
Compiling architecture lut6_v of entity unisim.LUT6 [\LUT6(init="01001101010010011001...]
Compiling architecture lut6_v of entity unisim.LUT6 [\LUT6(init="00111010000100010000...]
Compiling architecture lut6_v of entity unisim.LUT6 [\LUT6(init="01100010000000011000...]
Compiling architecture lut6_v of entity unisim.LUT6 [\LUT6(init="11111111111100001110...]
Compiling architecture lut6_v of entity unisim.LUT6 [\LUT6(init="11111000101111001010...]
Compiling architecture lut6_v of entity unisim.LUT6 [\LUT6(init="01010000000001001000...]
Compiling architecture lut6_v of entity unisim.LUT6 [\LUT6(init="00000000001000000010...]
Compiling architecture lut6_v of entity unisim.LUT6 [\LUT6(init="00001110000000101001...]
Compiling architecture lut6_v of entity unisim.LUT6 [\LUT6(init="01100000100011100000...]
Compiling architecture lut6_v of entity unisim.LUT6 [\LUT6(init="00010000000001000000...]
Compiling architecture lut6_v of entity unisim.LUT6 [\LUT6(init="01000010010000000001...]
Compiling architecture lut6_v of entity unisim.LUT6 [\LUT6(init="00000000110010000000...]
Compiling architecture lut6_v of entity unisim.LUT6 [\LUT6(init="00100000000100010100...]
Compiling architecture lut6_v of entity unisim.LUT6 [\LUT6(init="00000010100010011000...]
Compiling architecture lut6_v of entity unisim.LUT6 [\LUT6(init="00000000000000000000...]
Compiling architecture lut6_v of entity unisim.LUT6 [\LUT6(init="10001000100010001000...]
Compiling architecture lut6_v of entity unisim.LUT6 [\LUT6(init="00000010000110000010...]
Compiling architecture lut6_v of entity unisim.LUT6 [\LUT6(init="00000000000000010000...]
Compiling architecture lut6_v of entity unisim.LUT6 [\LUT6(init="00010100000000000001...]
Compiling architecture lut2_v of entity unisim.LUT2 [\LUT2(init="0010")(0,3)\]
Compiling architecture lut6_v of entity unisim.LUT6 [\LUT6(init="00000000010100010101...]
Compiling architecture lut6_v of entity unisim.LUT6 [\LUT6(init="10111000110001010101...]
Compiling architecture lut6_v of entity unisim.LUT6 [\LUT6(init="10110010010011101001...]
Compiling architecture lut6_v of entity unisim.LUT6 [\LUT6(init="11010110101001100001...]
Compiling architecture lut6_v of entity unisim.LUT6 [\LUT6(init="10011101010101100010...]
Compiling architecture lut6_v of entity unisim.LUT6 [\LUT6(init="00000000010000000001...]
Compiling architecture lut6_v of entity unisim.LUT6 [\LUT6(init="10100001000001010000...]
Compiling architecture lut6_v of entity unisim.LUT6 [\LUT6(init="10000010000000100100...]
Compiling architecture lut6_v of entity unisim.LUT6 [\LUT6(init="11000000000000000000...]
Compiling architecture lut6_v of entity unisim.LUT6 [\LUT6(init="10000000000000000000...]
Compiling architecture lut6_v of entity unisim.LUT6 [\LUT6(init="00000000000000000001...]
Compiling architecture lut6_v of entity unisim.LUT6 [\LUT6(init="00101100011100000000...]
Compiling architecture lut6_v of entity unisim.LUT6 [\LUT6(init="00000010010011100000...]
Compiling architecture lut6_v of entity unisim.LUT6 [\LUT6(init="10000001000000000000...]
Compiling architecture lut6_v of entity unisim.LUT6 [\LUT6(init="10011001010000000000...]
Compiling architecture lut6_v of entity unisim.LUT6 [\LUT6(init="00000000000000000001...]
Compiling architecture lut6_v of entity unisim.LUT6 [\LUT6(init="00001000000100010111...]
Compiling architecture lut6_v of entity unisim.LUT6 [\LUT6(init="00100000010011100000...]
Compiling architecture lut6_v of entity unisim.LUT6 [\LUT6(init="00010100000000101000...]
Compiling architecture lut6_v of entity unisim.LUT6 [\LUT6(init="00000000000010000101...]
Compiling architecture lut6_v of entity unisim.LUT6 [\LUT6(init="00000000000000000001...]
Compiling architecture lut6_v of entity unisim.LUT6 [\LUT6(init="10001001100000000101...]
Compiling architecture lut6_v of entity unisim.LUT6 [\LUT6(init="00000010100101100100...]
Compiling architecture lut6_v of entity unisim.LUT6 [\LUT6(init="00000000000110110010...]
Compiling architecture lut6_v of entity unisim.LUT6 [\LUT6(init="00001101010100100000...]
Compiling architecture lut6_v of entity unisim.LUT6 [\LUT6(init="00000000000000000000...]
Compiling architecture lut6_v of entity unisim.LUT6 [\LUT6(init="00101010011000001000...]
Compiling architecture lut6_v of entity unisim.LUT6 [\LUT6(init="00110000010000001000...]
Compiling architecture lut6_v of entity unisim.LUT6 [\LUT6(init="00010000000010000110...]
Compiling architecture lut6_v of entity unisim.LUT6 [\LUT6(init="00000011001011000100...]
Compiling architecture lut6_v of entity unisim.LUT6 [\LUT6(init="00000100010001000100...]
Compiling architecture lut6_v of entity unisim.LUT6 [\LUT6(init="00000001110101111100...]
Compiling architecture lut6_v of entity unisim.LUT6 [\LUT6(init="00000010100010100000...]
Compiling architecture lut6_v of entity unisim.LUT6 [\LUT6(init="01000000001000100010...]
Compiling architecture lut6_v of entity unisim.LUT6 [\LUT6(init="00000111000100100010...]
Compiling architecture lut6_v of entity unisim.LUT6 [\LUT6(init="00000000000000000000...]
Compiling architecture lut6_v of entity unisim.LUT6 [\LUT6(init="10010000000000001000...]
Compiling architecture lut6_v of entity unisim.LUT6 [\LUT6(init="10000000100000001000...]
Compiling architecture lut6_v of entity unisim.LUT6 [\LUT6(init="00011101010101100011...]
Compiling architecture lut6_v of entity unisim.LUT6 [\LUT6(init="10000000100000001000...]
Compiling architecture lut6_v of entity unisim.LUT6 [\LUT6(init="00110010000000110100...]
Compiling architecture lut4_v of entity unisim.LUT4 [\LUT4(init="1000000000010000")(0...]
Compiling architecture lut3_v of entity unisim.LUT3 [\LUT3(init="00010000")(0,7)\]
Compiling architecture lut6_v of entity unisim.LUT6 [\LUT6(init="00110000000000000000...]
Compiling architecture lut5_v of entity unisim.LUT5 [\LUT5(init="10000000000000100000...]
Compiling architecture lut6_v of entity unisim.LUT6 [\LUT6(init="00000000000000000000...]
Compiling architecture lut6_v of entity unisim.LUT6 [\LUT6(init="00000000000000000000...]
Compiling architecture lut6_v of entity unisim.LUT6 [\LUT6(init="00000000000000000000...]
Compiling architecture lut6_v of entity unisim.LUT6 [\LUT6(init="00000000000000000000...]
Compiling architecture lut6_v of entity unisim.LUT6 [\LUT6(init="00000000000000000000...]
Compiling architecture lut6_v of entity unisim.LUT6 [\LUT6(init="00000000000000000101...]
Compiling architecture lut6_v of entity unisim.LUT6 [\LUT6(init="00000000000000000111...]
Compiling architecture lut6_v of entity unisim.LUT6 [\LUT6(init="00000000000000000000...]
Compiling architecture lut6_v of entity unisim.LUT6 [\LUT6(init="00000000100110101011...]
Compiling architecture lut6_v of entity unisim.LUT6 [\LUT6(init="00000011001000000000...]
Compiling architecture lut6_v of entity unisim.LUT6 [\LUT6(init="00000000000000000100...]
Compiling architecture lut6_v of entity unisim.LUT6 [\LUT6(init="00001000001000111100...]
Compiling architecture lut6_v of entity unisim.LUT6 [\LUT6(init="10000000000100000100...]
Compiling architecture lut6_v of entity unisim.LUT6 [\LUT6(init="01010001100000100010...]
Compiling architecture lut6_v of entity unisim.LUT6 [\LUT6(init="00011001000110000001...]
Compiling architecture lut6_v of entity unisim.LUT6 [\LUT6(init="00000000010000110101...]
Compiling architecture lut6_v of entity unisim.LUT6 [\LUT6(init="00000000101000110111...]
Compiling architecture lut6_v of entity unisim.LUT6 [\LUT6(init="00000000100101100100...]
Compiling architecture lut6_v of entity unisim.LUT6 [\LUT6(init="00000000101011011000...]
Compiling architecture lut6_v of entity unisim.LUT6 [\LUT6(init="00000000001010100101...]
Compiling architecture lut6_v of entity unisim.LUT6 [\LUT6(init="00000101010100110100...]
Compiling architecture lut6_v of entity unisim.LUT6 [\LUT6(init="00001101110000000111...]
Compiling architecture lut6_v of entity unisim.LUT6 [\LUT6(init="00001001010011010000...]
Compiling architecture lut6_v of entity unisim.LUT6 [\LUT6(init="00000001011000001010...]
Compiling architecture lut6_v of entity unisim.LUT6 [\LUT6(init="00001101010100000010...]
Compiling architecture lut6_v of entity unisim.LUT6 [\LUT6(init="00000000000000000000...]
Compiling architecture lut6_v of entity unisim.LUT6 [\LUT6(init="00011001110101111100...]
Compiling architecture lut6_v of entity unisim.LUT6 [\LUT6(init="00110000010001001000...]
Compiling architecture lut6_v of entity unisim.LUT6 [\LUT6(init="00011000100000000100...]
Compiling architecture lut6_v of entity unisim.LUT6 [\LUT6(init="00010000000011000100...]
Compiling architecture lut6_v of entity unisim.LUT6 [\LUT6(init="00000000010000001111...]
Compiling architecture lut5_v of entity unisim.LUT5 [\LUT5(init="00000000000000000000...]
Compiling architecture lut6_v of entity unisim.LUT6 [\LUT6(init="01000000101000101010...]
Compiling architecture lut6_v of entity unisim.LUT6 [\LUT6(init="00000101110111000100...]
Compiling architecture lut6_v of entity unisim.LUT6 [\LUT6(init="01100001100000111011...]
Compiling architecture lut6_v of entity unisim.LUT6 [\LUT6(init="00110011010100011000...]
Compiling architecture lut6_v of entity unisim.LUT6 [\LUT6(init="00011101010101100011...]
Compiling architecture lut6_v of entity unisim.LUT6 [\LUT6(init="00000000000000000000...]
Compiling architecture lut6_v of entity unisim.LUT6 [\LUT6(init="10101101101000111100...]
Compiling architecture lut6_v of entity unisim.LUT6 [\LUT6(init="00110010000000110100...]
Compiling architecture lut5_v of entity unisim.LUT5 [\LUT5(init="00110000000000000000...]
Compiling architecture lut6_v of entity unisim.LUT6 [\LUT6(init="00000000010100010100...]
Compiling architecture lut6_v of entity unisim.LUT6 [\LUT6(init="10000000000000000000...]
Compiling architecture lut2_v of entity unisim.LUT2 [\LUT2(init="1000")(0,3)\]
Compiling architecture lut6_v of entity unisim.LUT6 [\LUT6(init="01100010101010011100...]
Compiling architecture lut6_v of entity unisim.LUT6 [\LUT6(init="11111111101011101011...]
Compiling architecture lut6_v of entity unisim.LUT6 [\LUT6(init="01010010010111000011...]
Compiling architecture lut6_v of entity unisim.LUT6 [\LUT6(init="01001101111111000110...]
Compiling architecture lut6_v of entity unisim.LUT6 [\LUT6(init="00101110010100101001...]
Compiling architecture lut6_v of entity unisim.LUT6 [\LUT6(init="00000000010000000001...]
Compiling architecture lut6_v of entity unisim.LUT6 [\LUT6(init="00100111110001001000...]
Compiling architecture lut6_v of entity unisim.LUT6 [\LUT6(init="10100000000000110000...]
Compiling architecture lut6_v of entity unisim.LUT6 [\LUT6(init="00000000000000000000...]
Compiling architecture lut6_v of entity unisim.LUT6 [\LUT6(init="00000001001010100000...]
Compiling architecture lut6_v of entity unisim.LUT6 [\LUT6(init="00000000010000000000...]
Compiling architecture lut6_v of entity unisim.LUT6 [\LUT6(init="10000010010000000100...]
Compiling architecture lut6_v of entity unisim.LUT6 [\LUT6(init="10000000000001000000...]
Compiling architecture lut6_v of entity unisim.LUT6 [\LUT6(init="01000000011000000000...]
Compiling architecture lut6_v of entity unisim.LUT6 [\LUT6(init="00011000000000000100...]
Compiling architecture lut6_v of entity unisim.LUT6 [\LUT6(init="00000000000100000000...]
Compiling architecture lut6_v of entity unisim.LUT6 [\LUT6(init="00101000100100010011...]
Compiling architecture lut6_v of entity unisim.LUT6 [\LUT6(init="00110010000000011001...]
Compiling architecture lut6_v of entity unisim.LUT6 [\LUT6(init="00010000000000000000...]
Compiling architecture lut6_v of entity unisim.LUT6 [\LUT6(init="10010000001011000100...]
Compiling architecture lut6_v of entity unisim.LUT6 [\LUT6(init="00000000000000010100...]
Compiling architecture lut6_v of entity unisim.LUT6 [\LUT6(init="10000000100001110101...]
Compiling architecture lut6_v of entity unisim.LUT6 [\LUT6(init="10100010010011100000...]
Compiling architecture lut6_v of entity unisim.LUT6 [\LUT6(init="11000001001000000000...]
Compiling architecture lut6_v of entity unisim.LUT6 [\LUT6(init="00001101000001000001...]
Compiling architecture lut6_v of entity unisim.LUT6 [\LUT6(init="00000000000000000000...]
Compiling architecture lut6_v of entity unisim.LUT6 [\LUT6(init="00010000000010001100...]
Compiling architecture lut6_v of entity unisim.LUT6 [\LUT6(init="10001000100100000001...]
Compiling architecture lut6_v of entity unisim.LUT6 [\LUT6(init="00010000100010010010...]
Compiling architecture lut6_v of entity unisim.LUT6 [\LUT6(init="00000101001110000000...]
Compiling architecture lut6_v of entity unisim.LUT6 [\LUT6(init="00000000000000010000...]
Compiling architecture lut6_v of entity unisim.LUT6 [\LUT6(init="10101001100000010001...]
Compiling architecture lut6_v of entity unisim.LUT6 [\LUT6(init="00000010000000000000...]
Compiling architecture lut6_v of entity unisim.LUT6 [\LUT6(init="00010000100011000000...]
Compiling architecture lut6_v of entity unisim.LUT6 [\LUT6(init="10010001010100100010...]
Compiling architecture lut6_v of entity unisim.LUT6 [\LUT6(init="00110011001100000000...]
Compiling architecture lut6_v of entity unisim.LUT6 [\LUT6(init="00000000000000000000...]
Compiling architecture lut6_v of entity unisim.LUT6 [\LUT6(init="00010000000000000000...]
Compiling architecture lut6_v of entity unisim.LUT6 [\LUT6(init="00010000000000000000...]
Compiling architecture fdse_v of entity unisim.FDSE [fdse_default]
Compiling architecture muxf7_v of entity unisim.MUXF7 [muxf7_default]
Compiling architecture muxf8_v of entity unisim.MUXF8 [muxf8_default]
Compiling architecture lut5_v of entity unisim.LUT5 [\LUT5(init="01000000111111110100...]
Compiling architecture lut6_v of entity unisim.LUT6 [\LUT6(init="11111111111111101111...]
Compiling architecture lut6_v of entity unisim.LUT6 [\LUT6(init="11111111111111111111...]
Compiling architecture lut6_v of entity unisim.LUT6 [\LUT6(init="11100010111111111111...]
Compiling architecture lut3_v of entity unisim.LUT3 [\LUT3(init="10111000")(0,7)\]
Compiling architecture lut4_v of entity unisim.LUT4 [\LUT4(init="1111101011001010")(0...]
Compiling architecture structure of entity xil_defaultlib.design_1_kd_tree_0_0_kd_tree [design_1_kd_tree_0_0_kd_tree_def...]
Compiling architecture structure of entity xil_defaultlib.design_1_kd_tree_0_0 [design_1_kd_tree_0_0_default]
Compiling architecture structure of entity xil_defaultlib.design_1 [design_1_default]
Compiling architecture structure of entity xil_defaultlib.design_1_wrapper [design_1_wrapper_default]
Compiling architecture behavioral of entity xil_defaultlib.design_1_wrapper_sim
Built simulation snapshot design_1_wrapper_sim_func_synth
